C51 COMPILER V9.00   RTDACCESS                                                             08/25/2023 16:47:42 PAGE 1   


C51 COMPILER V9.00, COMPILATION OF MODULE RTDACCESS
OBJECT MODULE PLACED IN .\Output\RTDAccess.obj
COMPILER INVOKED BY: C:\Program Files (x86)\Keil\C51\BIN\C51.EXE Core\code\mcu\RTDAccess.c LARGE OPTIMIZE(9,SPEED) BROWS
                    -E DEBUG OBJECTEXTEND PRINT(.\Output\RTDAccess.lst) OBJECT(.\Output\RTDAccess.obj)

line level    source

   1          /*=============================================
   2            * Copyright (c)      Realtek Semiconductor Corporation, 2005
   3            * All rights reserved.
   4            * ============================================ */
   5          
   6          #define __RTDACCESS__
   7          
   8          #include "Core\Header\Include.h"
   9          
  10          //----------------------------------------------------------------------------------------------------
  11          // Scaler communication basic function
  12          //----------------------------------------------------------------------------------------------------
  13          void CScalerSendAddr(BYTE ucAddr, bit bAutoInc)
  14          {
  15   1          if(bAutoInc)
  16   1              *(&MCU_SCA_INF_CTRL_FFF3) = 0x20;
  17   1          else
  18   1              *(&MCU_SCA_INF_CTRL_FFF3) = 0x00;
  19   1      
  20   1          *(&MCU_SCA_INF_ADDR_FFF4) = ucAddr;
  21   1      }
  22          //--------------------------------------------------
  23          // Description  : Write a data array into registers of scaler
  24          // Input Value  : ucAddr    --> Start address of register
  25          //                ucLength  --> Numbers of data we want to write
  26          //                pArray    --> Pointer of the writing data array
  27          //                bAutoInc  --> Address auto increasing select
  28          // Output Value : None
  29          //--------------------------------------------------
  30          void CScalerWrite(BYTE ucAddr, WORD usLength, BYTE *pArray, bit bAutoInc)
  31          {
  32   1          CScalerSendAddr(ucAddr, bAutoInc);
  33   1      
  34   1          if(usLength > 0)
  35   1          {
  36   2      
  37   2              do
  38   2              {
  39   3                  *(&MCU_SCA_INF_DATA_FFF5) = *pArray++;
  40   3      
  41   3              }while(--usLength);
  42   2          }
  43   1      
  44   1      
  45   1      }
  46          
  47          //--------------------------------------------------
  48          // Description  : Read data from registers of scaler and put it into an reading data array
  49          // Input Value  : ucAddr    --> Start address of register
  50          //                ucLength  --> Numbers of data we want to read
  51          //                pArray    --> Pointer of the reading data array
  52          //                bAutoInc  --> Address auto increasing select
  53          // Output Value : None
  54          //--------------------------------------------------
C51 COMPILER V9.00   RTDACCESS                                                             08/25/2023 16:47:42 PAGE 2   

  55          void CScalerRead(BYTE ucAddr, BYTE ucLength, BYTE *pArray, bit bAutoInc)
  56          {
  57   1          CScalerSendAddr(ucAddr, bAutoInc);
  58   1      
  59   1          if(ucLength > 0)
  60   1          {
  61   2              do
  62   2              {
  63   3                  *pArray++ = *(&MCU_SCA_INF_DATA_FFF5);
  64   3      
  65   3              }while(--ucLength);
  66   2      
  67   2          }
  68   1      
  69   1      
  70   1      }
  71          
  72          /**
  73          * CScalerWriteAmount
  74          * Write a data array into register of scaler
  75          * @param <ucAddress> {Start address of register}
  76          * @param <ucCol> {The colume of blank}
  77          * @param <ucLength> {Number of data}
  78          * @param <ucValue> {The data wroten}
  79          * @param <bAutoInc> {Address auto increase or not}
  80          * @return {none}
  81          *
  82          */
  83          void CScalerWriteAmount(BYTE ucAddr, WORD usLength, BYTE ucValue, bit bAutoInc)
  84          {
  85   1          CScalerSendAddr(ucAddr, bAutoInc);
  86   1      
  87   1          if(usLength > 0)
  88   1          {
  89   2              do
  90   2              {
  91   3                  *(&MCU_SCA_INF_DATA_FFF5) = ucValue;
  92   3      
  93   3              }while(--usLength);
  94   2          }
  95   1      
  96   1      
  97   1      }
  98          
  99          
 100          //--------------------------------------------------
 101          // Description  : Set the value into selected register
 102          // Input Value  : ucAddr    --> Address of register
 103          //                ucValue   --> Value we want to set
 104          // Output Value : None
 105          //--------------------------------------------------
 106          void CScalerSetByte(BYTE ucAddr, BYTE ucValue)
 107          {
 108   1          CScalerWrite(ucAddr, 1, &ucValue, _AUTOINC);
 109   1      }
 110          
 111          //--------------------------------------------------
 112          // Description  : Set the value into selected register in data port
 113          // Input Value  : ucAddr    --> Access Port Address of register
 114          //                ucValue1  --> Data Port Value we want to set
 115          //                ucValue2  --> Data Value we want to set
 116          // Output Value : None
C51 COMPILER V9.00   RTDACCESS                                                             08/25/2023 16:47:42 PAGE 3   

 117          //--------------------------------------------------
 118          void CScalerSetDataPortByte(BYTE ucAddr, BYTE ucValue1, BYTE ucValue2)
 119          {
 120   1          if((ucAddr == _SU_ACCESS_PORT_33) || (ucAddr == _HW_ACCESS_PORT_60) 
 121   1          || (ucAddr == _CB_ACCESS_PORT_64) || (ucAddr == _PC_ACCESS_PORT_9A))
 122   1          {
 123   2              CScalerSetByte(ucAddr, 0x80);
 124   2              ucValue1 = ucValue1 | 0x80;
 125   2          }
 126   1          CScalerWrite(ucAddr, 1, &ucValue1, _AUTOINC);
 127   1          CScalerWrite(ucAddr + 1, 1, &ucValue2, _AUTOINC);
 128   1          CScalerSetByte(ucAddr, 0x00);
 129   1      }
 130          
 131          /**
 132          * CScalerSetBit
 133          * Set bit of register
 134          * @param <ucAddr> {register address}
 135          * @param <ucAnd> {data &}
 136          * @param <ucOr> {data |}
 137          * @return {none}
 138          *
 139          */
 140          void CScalerSetBit(BYTE ucAddr, BYTE ucAnd, BYTE ucOr)
 141          {
 142   1          BYTE value;
 143   1      
 144   1          CScalerRead(ucAddr, 1, &value, _AUTOINC);
 145   1          value   = (value & ucAnd) | ucOr;
 146   1          CScalerWrite(ucAddr, 1, &value, _AUTOINC);
 147   1      }
 148          
 149          
 150          //--------------------------------------------------
 151          // Description  : Set some bits of selected register in data port
 152          // Input Value  : ucAddr    --> Access Port Address of register
 153          //                ucValue   --> Data Port Value we want to set
 154          //                ucAnd     --> & operation
 155          //                ucOr      --> | operation
 156          // Output Value : None
 157          //--------------------------------------------------
 158          #if(_HDCP_SUPPORT == _ON)
 159          void CScalerSetDataPortBit(BYTE ucAddr, BYTE ucValue, BYTE ucAnd, BYTE ucOr)
 160          {
 161   1          BYTE value;
 162   1      
 163   1          if((ucAddr == _SU_ACCESS_PORT_33) || (ucAddr == _HW_ACCESS_PORT_60) 
 164   1          || (ucAddr == _CB_ACCESS_PORT_64) || (ucAddr == _PC_ACCESS_PORT_9A))
 165   1          {
 166   2              CScalerSetByte(ucAddr, 0x80);
 167   2              ucValue = ucValue | 0x80;
 168   2          }
 169   1      
 170   1          CScalerWrite(ucAddr, 1, &ucValue, _AUTOINC);
 171   1          CScalerRead(ucAddr + 1, 1, &value, _AUTOINC);
 172   1      
 173   1          value   = (value & ucAnd) | ucOr;
 174   1          if((ucAddr == _SU_ACCESS_PORT_33) || (ucAddr == _HW_ACCESS_PORT_60) 
 175   1          || (ucAddr == _CB_ACCESS_PORT_64) || (ucAddr == _PC_ACCESS_PORT_9A))
 176   1          {
 177   2              CScalerSetByte(ucAddr, 0x80);
 178   2              ucValue = ucValue | 0x80;
C51 COMPILER V9.00   RTDACCESS                                                             08/25/2023 16:47:42 PAGE 4   

 179   2          }
 180   1      
 181   1          CScalerWrite(ucAddr, 1, &ucValue, _AUTOINC);
 182   1          CScalerWrite(ucAddr + 1, 1, &value, _AUTOINC);
 183   1          CScalerSetByte(ucAddr, 0x00);
 184   1      }
 185          #endif
 186          
 187          //--------------------------------------------------
 188          // Description  : Get bits from selected register
 189          // Input Value  : ucAddr    --> Address of register
 190          //                ucAnd     --> & operation
 191          // Output Value : Value after & operation
 192          //--------------------------------------------------
 193          BYTE CScalerGetBit(BYTE ucAddr, BYTE ucAnd)
 194          {
 195   1          BYTE value;
 196   1      
 197   1          CScalerRead(ucAddr, 1, &value, _AUTOINC);
 198   1          return (value & ucAnd);
 199   1      }
 200          
 201          /**
 202          * CScalerCodeW
 203          * Write a table to scaler
 204          * @param <pArray> {Selected table which contains numbers, address auto increasing information, address of 
             -registers and values}
 205          * @return {none}
 206          *
 207          */
 208          void CScalerCodeW(BYTE *pArray)
 209          {
 210   1          BYTE length;
 211   1      
 212   1      #if(_MCU_TYPE == _REALTEK_RTD3580D_EMCU)
 213   1      
 214   1          do
 215   1          {
 216   2              if((*pArray & 0xfc) == 0)
 217   2                  return;
 218   2      
 219   2              length  = *pArray - 3;
 220   2      
 221   2              if((*(pArray + 1)) == _BURST)
 222   2              {
 223   3                  *(&MCU_SCA_INF_CTRL_FFF3) = 0x20;
 224   3                  *(&MCU_SCA_INF_ADDR_FFF4) = *(pArray + 2);
 225   3      
 226   3                  pArray += 3;
 227   3                  
 228   3                  do
 229   3                  {
 230   4                      *(&MCU_SCA_INF_DATA_FFF5) = *pArray;
 231   4      
 232   4                  }while(--length);
 233   3      
 234   3                  pArray++;
 235   3              }
 236   2              else if((*(pArray + 1) == _AUTOINC) || (*(pArray + 1) == _NON_AUTOINC))
 237   2              {
 238   3                  
 239   3                  if(*(pArray + 1) == _NON_AUTOINC)
C51 COMPILER V9.00   RTDACCESS                                                             08/25/2023 16:47:42 PAGE 5   

 240   3                      *(&MCU_SCA_INF_CTRL_FFF3) = 0x20;
 241   3                  else
 242   3                      *(&MCU_SCA_INF_CTRL_FFF3) = 0x00;
 243   3      
 244   3                  *(&MCU_SCA_INF_ADDR_FFF4) = *(pArray + 2);//µØÖ·
 245   3      
 246   3                  pArray += 3;
 247   3      
 248   3                  do
 249   3                  {
 250   4                      *(&MCU_SCA_INF_DATA_FFF5) = *pArray++;//ÄÚÈÝ
 251   4      
 252   4                  }while(--length);
 253   3      
 254   3              }
 255   2      
 256   2          }while(_TRUE);
 257   1      
 258   1      #else
                              
                  do
                  {
                      if((*pArray & 0xfc) == 0)
                          return;
              
                      length  = *pArray - 3;
              
                      if((*(pArray + 1)) == _BURST)
                      {
                          CScalerSendAddr(*(pArray + 2), _WRITE, _NON_AUTOINC);
              
                          pArray += 3;
              
                          do
                          {
                              CScalerSendByte(*pArray);
              
                          }while(--length);
              
                          pArray++;
                      }
                      else if((*(pArray + 1) == _AUTOINC) || (*(pArray + 1) == _NON_AUTOINC))
                      {
                          CScalerSendAddr(*(pArray + 2), _WRITE, *(pArray + 1));
              
                          pArray += 3;
              
                          do
                          {
                              CScalerSendByte(*pArray++);
              
                          }while(--length);
              
                      }
              
                      CScalerSendWriteStop();
              
                  }while(_TRUE);
              
              #endif          
 300   1      }
 301          
C51 COMPILER V9.00   RTDACCESS                                                             08/25/2023 16:47:42 PAGE 6   

 302          #if(_HARDWARE_LOAD_FONT == _ON)
 303          //--------------------------------------------------
 304          // Description  : Load OSD font into OSD SRAM
 305          // Input Value  : pArray    --> Font table
 306          //                usOffset  --> Offset of font base start address
 307          // Output Value : None
 308          //--------------------------------------------------
 309          void CScalerLoadHardwareVLCFont(BYTE *pArray, WORD usOffset)
 310          {
 311   1          WORD num;
 312   1      
 313   1          pData[0] = 0xc0;
 314   1          pData[1] = 0x05;
 315   1          CScalerWrite(_OSD_ADDR_MSB_90, 2, pData, _AUTOINC);
 316   1          CScalerWrite(_OSD_DATA_PORT_92, 8, pArray, _NON_AUTOINC);
 317   1          
 318   1      
 319   1          num = ((WORD)*(pArray + 8) << 8) | *(pArray + 9);
 320   1      
 321   1          usOffset = usOffset * 9;
 322   1          usOffset += GET_OSD_MAP_FONTBASEADDRESS();//_OSD_FONT_START_POSITION;
 323   1      
 324   1          pData[0] = 0x80;
 325   1          pData[1] = 0x07;
 326   1          pData[2] = 0x01;
 327   1          CScalerWrite(_OSD_ADDR_MSB_90, 3, pData, _AUTOINC);    
 328   1      
 329   1          pData[0] = (HIBYTE(usOffset) & 0x000f) | 0xd0;
 330   1          pData[1] = LOBYTE(usOffset);
 331   1          CScalerWrite(_OSD_ADDR_MSB_90, 2, pData, _AUTOINC);    
 332   1      
 333   1          
 334   1          pArray += 10;
 335   1      
 336   1              CScalerSendAddr(_OSD_DATA_PORT_92, _NON_AUTOINC);
 337   1      
 338   1          for(usOffset=0;usOffset<num;usOffset++)
 339   1          {
 340   2              *(&MCU_SCA_INF_DATA_FFF5) = *pArray++;
 341   2          }
 342   1      
 343   1          pData[0] = 0x80;
 344   1          pData[1] = 0x07;
 345   1          pData[2] = 0x00;
 346   1          CScalerWrite(_OSD_ADDR_MSB_90, 3, pData, _AUTOINC);      
 347   1      }
 348          #endif
 349          
 350          BYTE CScalerGetVLD(void)
 351          {
 352   1              BYTE zerocnt = 0;
 353   1      
 354   1          while(!CScalerGetBitVLD())   zerocnt  += 1;
 355   1      
 356   1          if(zerocnt == 0)    return *(pData);
 357   1      
 358   1          switch(zerocnt)
 359   1          {
 360   2              case 1:
 361   2                  return (CScalerGetBitVLD() ? *(pData + 1) : *(pData + 2));
 362   2      
 363   2              case 2:
C51 COMPILER V9.00   RTDACCESS                                                             08/25/2023 16:47:42 PAGE 7   

 364   2                  return (CScalerGetBitVLD() ? *(pData + 3) : *(pData + 4));
 365   2      
 366   2              case 3:
 367   2                  return (CScalerGetBitVLD() ? *(pData + 5) : *(pData + 6));
 368   2      
 369   2              case 4:
 370   2                  if (CScalerGetBitVLD())
 371   2                  {
 372   3                      return (CScalerGetBitVLD() ? *(pData + 7) : *(pData + 8));
 373   3                  }
 374   2                  else
 375   2                  {
 376   3                      if (CScalerGetBitVLD())
 377   3                      {
 378   4                          return (CScalerGetBitVLD() ? *(pData + 9) : *(pData + 10));
 379   4                      }
 380   3                      else
 381   3                      {
 382   4                          return (CScalerGetBitVLD() ? *(pData + 11) : *(pData + 12));
 383   4                      }
 384   3                  }
 385   2      
 386   2              default:
 387   2                  if (CScalerGetBitVLD())
 388   2                  {
 389   3                      return (CScalerGetBitVLD() ? *(pData + 13) : *(pData + 14));
 390   3                  }
 391   2                  else
 392   2                  {
 393   3                      CScalerGetBitVLD();
 394   3      
 395   3                      return *(pData + 15);
 396   3                  }
 397   2          }
 398   1      }
 399          
 400          bit CScalerGetBitVLD(void)
 401          {
 402   1          ucVLDTemp = ((ucVLDCnt & 0x07) == 0) ? *(pvldarray++) : (ucVLDTemp << 1);
 403   1      
 404   1          ucVLDCnt += 1;
 405   1      
 406   1          return (bit)(ucVLDTemp & 0x80);
 407   1      }
 408          
 409          //--------------------------------------------------
 410          // Description  : Page select for scalar(Only for CR[A1]~CR[DF])
 411          // Input Value  : None
 412          // Output Value : None
 413          //--------------------------------------------------
 414          void CScalerPageSelect(BYTE page)
 415          {
 416   1              CScalerSetByte(_PAGE_SELECT_9F, (page & 0x0F)); 
 417   1      }
 418          
 419          


MODULE INFORMATION:   STATIC OVERLAYABLE
   CODE SIZE        =   1104    ----
   CONSTANT SIZE    =    231    ----
   XDATA SIZE       =   ----      28
C51 COMPILER V9.00   RTDACCESS                                                             08/25/2023 16:47:42 PAGE 8   

   PDATA SIZE       =   ----    ----
   DATA SIZE        =   ----    ----
   IDATA SIZE       =      1    ----
   BIT SIZE         =   ----       4
END OF MODULE INFORMATION.


C51 COMPILATION COMPLETE.  0 WARNING(S),  0 ERROR(S)
